{"/Users/Alex/Documents/Programming/Hexlet/frontend-project-lvl2/src/index.js": {"path":"/Users/Alex/Documents/Programming/Hexlet/frontend-project-lvl2/src/index.js","statementMap":{"0":{"start":{"line":5,"column":16},"end":{"line":32,"column":1}},"1":{"start":{"line":6,"column":22},"end":{"line":6,"column":71}},"2":{"start":{"line":7,"column":23},"end":{"line":7,"column":71}},"3":{"start":{"line":8,"column":21},"end":{"line":8,"column":88}},"4":{"start":{"line":10,"column":15},"end":{"line":29,"column":8}},"5":{"start":{"line":11,"column":4},"end":{"line":14,"column":5}},"6":{"start":{"line":12,"column":6},"end":{"line":12,"column":53}},"7":{"start":{"line":13,"column":6},"end":{"line":13,"column":17}},"8":{"start":{"line":16,"column":4},"end":{"line":19,"column":5}},"9":{"start":{"line":17,"column":6},"end":{"line":17,"column":52}},"10":{"start":{"line":18,"column":6},"end":{"line":18,"column":17}},"11":{"start":{"line":21,"column":4},"end":{"line":24,"column":5}},"12":{"start":{"line":22,"column":6},"end":{"line":22,"column":52}},"13":{"start":{"line":23,"column":6},"end":{"line":23,"column":17}},"14":{"start":{"line":26,"column":4},"end":{"line":26,"column":50}},"15":{"start":{"line":27,"column":4},"end":{"line":27,"column":51}},"16":{"start":{"line":28,"column":4},"end":{"line":28,"column":15}},"17":{"start":{"line":31,"column":2},"end":{"line":31,"column":32}}},"fnMap":{"0":{"name":"(anonymous_0)","decl":{"start":{"line":5,"column":16},"end":{"line":5,"column":17}},"loc":{"start":{"line":5,"column":35},"end":{"line":32,"column":1}},"line":5},"1":{"name":"(anonymous_1)","decl":{"start":{"line":10,"column":33},"end":{"line":10,"column":34}},"loc":{"start":{"line":10,"column":47},"end":{"line":29,"column":3}},"line":10}},"branchMap":{"0":{"loc":{"start":{"line":11,"column":4},"end":{"line":14,"column":5}},"type":"if","locations":[{"start":{"line":11,"column":4},"end":{"line":14,"column":5}},{"start":{"line":11,"column":4},"end":{"line":14,"column":5}}],"line":11},"1":{"loc":{"start":{"line":16,"column":4},"end":{"line":19,"column":5}},"type":"if","locations":[{"start":{"line":16,"column":4},"end":{"line":19,"column":5}},{"start":{"line":16,"column":4},"end":{"line":19,"column":5}}],"line":16},"2":{"loc":{"start":{"line":21,"column":4},"end":{"line":24,"column":5}},"type":"if","locations":[{"start":{"line":21,"column":4},"end":{"line":24,"column":5}},{"start":{"line":21,"column":4},"end":{"line":24,"column":5}}],"line":21}},"s":{"0":1,"1":1,"2":1,"3":1,"4":1,"5":5,"6":1,"7":1,"8":4,"9":2,"10":2,"11":2,"12":1,"13":1,"14":1,"15":1,"16":1,"17":1},"f":{"0":1,"1":5},"b":{"0":[1,4],"1":[2,2],"2":[1,1]},"_coverageSchema":"1a1c01bbd47fc00a2c39e90264f33305004495a9","hash":"4eabd7d68f18ba0b57afc51c2c9f00f4f8affece"}
}
